<?xml version="1.0" encoding="UTF-8"?>
<!-- Generated by org.testng.reporters.JUnitXMLReporter -->
<testsuite hostname="ubuntu" name="Dependency Tests" tests="3" failures="0" timestamp="10 Jun 2013 14:27:43 GMT" time="6.135" errors="0">
  <testcase name="fireFoxTestWithScreenshotReport" time="6.083" classname="reporting.ReportingTest"/>
  <testcase name="reportingTestWithMessage" time="0.016" classname="reporting.ReportingTest"/>
  <testcase name="simpleReportingTest" time="0.008" classname="reporting.ReportingTest"/>
</testsuite> <!-- Dependency Tests -->
