<?xml version="1.0" encoding="UTF-8"?>
<!-- Generated by org.testng.reporters.JUnitXMLReporter -->
<testsuite hostname="ubuntu" name="Command line test" tests="22" failures="0" timestamp="25 Jun 2013 23:25:00 GMT" time="0.047" errors="0">
  <testcase name="myFirstTestngTest" time="0.01" classname="testng.TestngBasicTests"/>
  <testcase name="myFirstTestngTest" time="0.0" classname="testng.TestngBasicTests"/>
  <testcase name="myFirstTestngTest" time="0.0" classname="testng.TestngBasicTests"/>
  <testcase name="myFirstTestngTest" time="0.0" classname="testng.TestngBasicTests"/>
  <testcase name="myFirstTestngTest" time="0.0" classname="testng.TestngBasicTests"/>
  <testcase name="myFirstTestngTest" time="0.0" classname="testng.TestngBasicTests"/>
  <testcase name="myFirstTestngTest" time="0.001" classname="testng.TestngBasicTests"/>
  <testcase name="myFirstTestngTest" time="0.0" classname="testng.TestngBasicTests"/>
  <testcase name="myFirstTestngTest" time="0.0" classname="testng.TestngBasicTests"/>
  <testcase name="myFirstTestngTest" time="0.0" classname="testng.TestngBasicTests"/>
  <testcase name="myFirstTestngTest" time="0.0" classname="testng.TestngBasicTests"/>
  <testcase name="myFirstTestngTest" time="0.013" classname="testng.TestngBasicTests"/>
  <testcase name="myFirstTestngTest" time="0.011" classname="testng.TestngBasicTests"/>
  <testcase name="myFirstTestngTest" time="0.014" classname="testng.TestngBasicTests"/>
  <testcase name="myFirstTestngTest" time="0.014" classname="testng.TestngBasicTests"/>
  <testcase name="myFirstTestngTest" time="0.014" classname="testng.TestngBasicTests"/>
  <testcase name="myFirstTestngTest" time="0.014" classname="testng.TestngBasicTests"/>
  <testcase name="myFirstTestngTest" time="0.013" classname="testng.TestngBasicTests"/>
  <testcase name="myFirstTestngTest" time="0.016" classname="testng.TestngBasicTests"/>
  <testcase name="myFirstTestngTest" time="0.022" classname="testng.TestngBasicTests"/>
  <testcase name="mySecondTestngTest" time="0.0" classname="testng.TestngBasicTests"/>
  <testcase name="myThirdTestngTest" time="0.0" classname="testng.TestngBasicTests"/>
</testsuite> <!-- Command line test -->
