<?xml version="1.0" encoding="UTF-8"?>
<!-- Generated by org.testng.reporters.JUnitXMLReporter -->
<testsuite hostname="ubuntu" name="Command line test" tests="12" failures="0" timestamp="25 Jun 2013 23:34:35 GMT" time="0.049" errors="0">
  <testcase name="myFirstTestngTest" time="0.027" classname="testng.TestngBasicTests"/>
  <testcase name="myFirstTestngTest" time="0.019" classname="testng.TestngBasicTests"/>
  <testcase name="myFirstTestngTest" time="0.011" classname="testng.TestngBasicTests"/>
  <testcase name="myFirstTestngTest" time="0.013" classname="testng.TestngBasicTests"/>
  <testcase name="myFirstTestngTest" time="0.013" classname="testng.TestngBasicTests"/>
  <testcase name="myFirstTestngTest" time="0.013" classname="testng.TestngBasicTests"/>
  <testcase name="myFirstTestngTest" time="0.015" classname="testng.TestngBasicTests"/>
  <testcase name="myFirstTestngTest" time="0.029" classname="testng.TestngBasicTests"/>
  <testcase name="myFirstTestngTest" time="0.016" classname="testng.TestngBasicTests"/>
  <testcase name="myFirstTestngTest" time="0.033" classname="testng.TestngBasicTests"/>
  <testcase name="mySecondTestngTest" time="0.0" classname="testng.TestngBasicTests"/>
  <testcase name="myThirdTestngTest" time="0.0" classname="testng.TestngBasicTests"/>
</testsuite> <!-- Command line test -->
