<?xml version="1.0" encoding="UTF-8"?>
<!-- Generated by org.testng.reporters.JUnitXMLReporter -->
<testsuite hostname="ubuntu" name="Dependency Tests" tests="3" failures="0" timestamp="9 Jun 2013 18:53:58 GMT" time="4.857" errors="0">
  <testcase name="fireFoxTestWithScreenshotReport" time="4.826" classname="reporting.ReportingTest"/>
  <testcase name="reportingTestWithMessage" time="0.004" classname="reporting.ReportingTest"/>
  <testcase name="simpleReportingTest" time="0.0" classname="reporting.ReportingTest"/>
</testsuite> <!-- Dependency Tests -->
