<?xml version="1.0" encoding="UTF-8"?>
<!-- Generated by org.testng.reporters.JUnitXMLReporter -->
<testsuite hostname="ubuntu" name="Regression1" tests="4" failures="4" timestamp="9 Jul 2013 13:45:36 GMT" time="26.472" errors="0">
  <testcase name="testEbay" time="6.818" classname="seleniumTests.RemoteSetupAbraxas">
    <failure type="java.lang.AssertionError" message="expected [Günstig kaufen &amp;amp; verkaufen bei eBay.ch - dem Schweizer Online-Marktplatz] but found [Home :: abraxas.ch]">
      <![CDATA[java.lang.AssertionError: expected [Günstig kaufen & verkaufen bei eBay.ch - dem Schweizer Online-Marktplatz] but found [Home :: abraxas.ch]
	at seleniumTests.RemoteSetupAbraxas.testEbay(RemoteSetupAbraxas.java:29)
... Removed 29 stack frames]]>
    </failure>
  </testcase> <!-- testEbay -->
  <testcase name="testEbay1" time="6.567" classname="seleniumTests.RemoteSetupAbraxas">
    <failure type="java.lang.AssertionError" message="expected [Günstig kaufen &amp;amp; verkaufen bei eBay.ch - dem Schweizer Online-Marktplatz] but found [Home :: abraxas.ch]">
      <![CDATA[java.lang.AssertionError: expected [Günstig kaufen & verkaufen bei eBay.ch - dem Schweizer Online-Marktplatz] but found [Home :: abraxas.ch]
	at seleniumTests.RemoteSetupAbraxas.testEbay1(RemoteSetupAbraxas.java:56)
... Removed 29 stack frames]]>
    </failure>
  </testcase> <!-- testEbay1 -->
  <testcase name="testEbay2" time="6.407" classname="seleniumTests.RemoteSetupAbraxas">
    <failure type="java.lang.AssertionError" message="expected [Günstig kaufen &amp;amp; verkaufen bei eBay.ch - dem Schweizer Online-Marktplatz] but found [Home :: abraxas.ch]">
      <![CDATA[java.lang.AssertionError: expected [Günstig kaufen & verkaufen bei eBay.ch - dem Schweizer Online-Marktplatz] but found [Home :: abraxas.ch]
	at seleniumTests.RemoteSetupAbraxas.testEbay2(RemoteSetupAbraxas.java:82)
... Removed 29 stack frames]]>
    </failure>
  </testcase> <!-- testEbay2 -->
  <testcase name="testEbay3" time="6.661" classname="seleniumTests.RemoteSetupAbraxas">
    <failure type="java.lang.AssertionError" message="expected [Günstig kaufen &amp;amp; verkaufen bei eBay.ch - dem Schweizer Online-Marktplatz] but found [Home :: abraxas.ch]">
      <![CDATA[java.lang.AssertionError: expected [Günstig kaufen & verkaufen bei eBay.ch - dem Schweizer Online-Marktplatz] but found [Home :: abraxas.ch]
	at seleniumTests.RemoteSetupAbraxas.testEbay3(RemoteSetupAbraxas.java:108)
... Removed 29 stack frames]]>
    </failure>
  </testcase> <!-- testEbay3 -->
</testsuite> <!-- Regression1 -->
