<?xml version="1.0" encoding="UTF-8"?>
<!-- Generated by org.testng.reporters.JUnitXMLReporter -->
<testsuite hostname="ubuntu" name="Regression1" tests="4" failures="2" timestamp="10 Jul 2013 14:11:28 GMT" time="15.703" errors="0">
  <testcase name="testAbraxas3" time="7.795" classname="seleniumTests.RemoteSetupAbraxas">
    <failure type="java.lang.AssertionError" message="expected [Günstig kaufen &amp;amp; verkaufen bei eBay.ch - dem Schweizer Online-Marktplatz] but found [Home :: abraxas.ch]">
      <![CDATA[java.lang.AssertionError: expected [Günstig kaufen & verkaufen bei eBay.ch - dem Schweizer Online-Marktplatz] but found [Home :: abraxas.ch]
	at seleniumTests.RemoteSetupAbraxas.testAbraxas3(RemoteSetupAbraxas.java:108)
	at java.util.concurrent.ThreadPoolExecutor.runWorker(ThreadPoolExecutor.java:1145)
	at java.util.concurrent.ThreadPoolExecutor$Worker.run(ThreadPoolExecutor.java:615)
	at java.lang.Thread.run(Thread.java:722)
... Removed 15 stack frames]]>
    </failure>
  </testcase> <!-- testAbraxas3 -->
  <testcase name="testAbraxas2" time="8.432" classname="seleniumTests.RemoteSetupAbraxas"/>
  <testcase name="testAbraxas1" time="15.18" classname="seleniumTests.RemoteSetupAbraxas"/>
  <testcase name="testAbraxas4" time="15.683" classname="seleniumTests.RemoteSetupAbraxas">
    <failure type="java.lang.AssertionError" message="expected [Günstig kaufen &amp;amp; verkaufen bei eBay.ch - dem Schweizer Online-Marktplatz] but found [Home :: abraxas.ch]">
      <![CDATA[java.lang.AssertionError: expected [Günstig kaufen & verkaufen bei eBay.ch - dem Schweizer Online-Marktplatz] but found [Home :: abraxas.ch]
	at seleniumTests.RemoteSetupAbraxas.testAbraxas4(RemoteSetupAbraxas.java:134)
	at java.util.concurrent.ThreadPoolExecutor.runWorker(ThreadPoolExecutor.java:1145)
	at java.util.concurrent.ThreadPoolExecutor$Worker.run(ThreadPoolExecutor.java:615)
	at java.lang.Thread.run(Thread.java:722)
... Removed 15 stack frames]]>
    </failure>
  </testcase> <!-- testAbraxas4 -->
</testsuite> <!-- Regression1 -->
