<?xml version="1.0" encoding="UTF-8"?>
<testng-results skipped="0" failed="0" total="12" passed="12">
  <reporter-output>
  </reporter-output>
  <suite name="testng.TestngBasicTests" duration-ms="49" started-at="2013-06-25T23:34:35Z" finished-at="2013-06-25T23:34:35Z">
    <groups>
    </groups>
    <test name="Command line test" duration-ms="49" started-at="2013-06-25T23:34:35Z" finished-at="2013-06-25T23:34:35Z">
      <class name="testng.TestngBasicTests">
        <test-method status="PASS" signature="myFirstTestngTest()[pri:0, instance:testng.TestngBasicTests@220711]" name="myFirstTestngTest" duration-ms="33" started-at="2013-06-25T16:34:35Z" finished-at="2013-06-25T16:34:35Z">
          <reporter-output>
          </reporter-output>
        </test-method> <!-- myFirstTestngTest -->
        <test-method status="PASS" signature="myFirstTestngTest()[pri:0, instance:testng.TestngBasicTests@220711]" name="myFirstTestngTest" duration-ms="29" started-at="2013-06-25T16:34:35Z" finished-at="2013-06-25T16:34:35Z">
          <reporter-output>
          </reporter-output>
        </test-method> <!-- myFirstTestngTest -->
        <test-method status="PASS" signature="myFirstTestngTest()[pri:0, instance:testng.TestngBasicTests@220711]" name="myFirstTestngTest" duration-ms="27" started-at="2013-06-25T16:34:35Z" finished-at="2013-06-25T16:34:35Z">
          <reporter-output>
          </reporter-output>
        </test-method> <!-- myFirstTestngTest -->
        <test-method status="PASS" signature="myFirstTestngTest()[pri:0, instance:testng.TestngBasicTests@220711]" name="myFirstTestngTest" duration-ms="19" started-at="2013-06-25T16:34:35Z" finished-at="2013-06-25T16:34:35Z">
          <reporter-output>
          </reporter-output>
        </test-method> <!-- myFirstTestngTest -->
        <test-method status="PASS" signature="myFirstTestngTest()[pri:0, instance:testng.TestngBasicTests@220711]" name="myFirstTestngTest" duration-ms="16" started-at="2013-06-25T16:34:35Z" finished-at="2013-06-25T16:34:35Z">
          <reporter-output>
          </reporter-output>
        </test-method> <!-- myFirstTestngTest -->
        <test-method status="PASS" signature="myFirstTestngTest()[pri:0, instance:testng.TestngBasicTests@220711]" name="myFirstTestngTest" duration-ms="15" started-at="2013-06-25T16:34:35Z" finished-at="2013-06-25T16:34:35Z">
          <reporter-output>
          </reporter-output>
        </test-method> <!-- myFirstTestngTest -->
        <test-method status="PASS" signature="myFirstTestngTest()[pri:0, instance:testng.TestngBasicTests@220711]" name="myFirstTestngTest" duration-ms="13" started-at="2013-06-25T16:34:35Z" finished-at="2013-06-25T16:34:35Z">
          <reporter-output>
          </reporter-output>
        </test-method> <!-- myFirstTestngTest -->
        <test-method status="PASS" signature="myFirstTestngTest()[pri:0, instance:testng.TestngBasicTests@220711]" name="myFirstTestngTest" duration-ms="13" started-at="2013-06-25T16:34:35Z" finished-at="2013-06-25T16:34:35Z">
          <reporter-output>
          </reporter-output>
        </test-method> <!-- myFirstTestngTest -->
        <test-method status="PASS" signature="myFirstTestngTest()[pri:0, instance:testng.TestngBasicTests@220711]" name="myFirstTestngTest" duration-ms="13" started-at="2013-06-25T16:34:35Z" finished-at="2013-06-25T16:34:35Z">
          <reporter-output>
          </reporter-output>
        </test-method> <!-- myFirstTestngTest -->
        <test-method status="PASS" signature="myFirstTestngTest()[pri:0, instance:testng.TestngBasicTests@220711]" name="myFirstTestngTest" duration-ms="11" started-at="2013-06-25T16:34:35Z" finished-at="2013-06-25T16:34:35Z">
          <reporter-output>
          </reporter-output>
        </test-method> <!-- myFirstTestngTest -->
        <test-method status="PASS" signature="mySecondTestngTest()[pri:0, instance:testng.TestngBasicTests@220711]" name="mySecondTestngTest" duration-ms="0" started-at="2013-06-25T16:34:35Z" finished-at="2013-06-25T16:34:35Z">
          <reporter-output>
          </reporter-output>
        </test-method> <!-- mySecondTestngTest -->
        <test-method status="PASS" signature="myThirdTestngTest()[pri:0, instance:testng.TestngBasicTests@220711]" name="myThirdTestngTest" duration-ms="0" started-at="2013-06-25T16:34:35Z" finished-at="2013-06-25T16:34:35Z">
          <reporter-output>
          </reporter-output>
        </test-method> <!-- myThirdTestngTest -->
      </class> <!-- testng.TestngBasicTests -->
    </test> <!-- Command line test -->
  </suite> <!-- testng.TestngBasicTests -->
</testng-results>
