<?xml version="1.0" encoding="UTF-8"?>
<testng-results skipped="0" failed="0" total="12" passed="12">
  <reporter-output>
  </reporter-output>
  <suite name="Selenium Training" duration-ms="141" started-at="2013-06-25T23:34:02Z" finished-at="2013-06-25T23:34:02Z">
    <groups>
    </groups>
    <test name="Default test" duration-ms="141" started-at="2013-06-25T23:34:02Z" finished-at="2013-06-25T23:34:02Z">
      <class name="testng.TestngBasicTests">
        <test-method status="PASS" signature="myThirdTestngTest()[pri:0, instance:testng.TestngBasicTests@68bd43]" name="myThirdTestngTest" duration-ms="68" started-at="2013-06-25T16:34:02Z" finished-at="2013-06-25T16:34:02Z">
          <reporter-output>
          </reporter-output>
        </test-method> <!-- myThirdTestngTest -->
        <test-method status="PASS" signature="myFirstTestngTest()[pri:0, instance:testng.TestngBasicTests@68bd43]" name="myFirstTestngTest" duration-ms="64" started-at="2013-06-25T16:34:02Z" finished-at="2013-06-25T16:34:02Z">
          <reporter-output>
          </reporter-output>
        </test-method> <!-- myFirstTestngTest -->
        <test-method status="PASS" signature="mySecondTestngTest()[pri:0, instance:testng.TestngBasicTests@68bd43]" name="mySecondTestngTest" duration-ms="61" started-at="2013-06-25T16:34:02Z" finished-at="2013-06-25T16:34:02Z">
          <reporter-output>
          </reporter-output>
        </test-method> <!-- mySecondTestngTest -->
        <test-method status="PASS" signature="myFirstTestngTest()[pri:0, instance:testng.TestngBasicTests@68bd43]" name="myFirstTestngTest" duration-ms="59" started-at="2013-06-25T16:34:02Z" finished-at="2013-06-25T16:34:02Z">
          <reporter-output>
          </reporter-output>
        </test-method> <!-- myFirstTestngTest -->
        <test-method status="PASS" signature="myFirstTestngTest()[pri:0, instance:testng.TestngBasicTests@68bd43]" name="myFirstTestngTest" duration-ms="53" started-at="2013-06-25T16:34:02Z" finished-at="2013-06-25T16:34:02Z">
          <reporter-output>
          </reporter-output>
        </test-method> <!-- myFirstTestngTest -->
        <test-method status="PASS" signature="myFirstTestngTest()[pri:0, instance:testng.TestngBasicTests@68bd43]" name="myFirstTestngTest" duration-ms="54" started-at="2013-06-25T16:34:02Z" finished-at="2013-06-25T16:34:02Z">
          <reporter-output>
          </reporter-output>
        </test-method> <!-- myFirstTestngTest -->
        <test-method status="PASS" signature="myFirstTestngTest()[pri:0, instance:testng.TestngBasicTests@68bd43]" name="myFirstTestngTest" duration-ms="54" started-at="2013-06-25T16:34:02Z" finished-at="2013-06-25T16:34:02Z">
          <reporter-output>
          </reporter-output>
        </test-method> <!-- myFirstTestngTest -->
        <test-method status="PASS" signature="myFirstTestngTest()[pri:0, instance:testng.TestngBasicTests@68bd43]" name="myFirstTestngTest" duration-ms="53" started-at="2013-06-25T16:34:02Z" finished-at="2013-06-25T16:34:02Z">
          <reporter-output>
          </reporter-output>
        </test-method> <!-- myFirstTestngTest -->
        <test-method status="PASS" signature="myFirstTestngTest()[pri:0, instance:testng.TestngBasicTests@68bd43]" name="myFirstTestngTest" duration-ms="54" started-at="2013-06-25T16:34:02Z" finished-at="2013-06-25T16:34:02Z">
          <reporter-output>
          </reporter-output>
        </test-method> <!-- myFirstTestngTest -->
        <test-method status="PASS" signature="myFirstTestngTest()[pri:0, instance:testng.TestngBasicTests@68bd43]" name="myFirstTestngTest" duration-ms="53" started-at="2013-06-25T16:34:02Z" finished-at="2013-06-25T16:34:02Z">
          <reporter-output>
          </reporter-output>
        </test-method> <!-- myFirstTestngTest -->
        <test-method status="PASS" signature="myFirstTestngTest()[pri:0, instance:testng.TestngBasicTests@68bd43]" name="myFirstTestngTest" duration-ms="53" started-at="2013-06-25T16:34:02Z" finished-at="2013-06-25T16:34:02Z">
          <reporter-output>
          </reporter-output>
        </test-method> <!-- myFirstTestngTest -->
        <test-method status="PASS" signature="myFirstTestngTest()[pri:0, instance:testng.TestngBasicTests@68bd43]" name="myFirstTestngTest" duration-ms="52" started-at="2013-06-25T16:34:02Z" finished-at="2013-06-25T16:34:02Z">
          <reporter-output>
          </reporter-output>
        </test-method> <!-- myFirstTestngTest -->
      </class> <!-- testng.TestngBasicTests -->
    </test> <!-- Default test -->
  </suite> <!-- Selenium Training -->
</testng-results>
