<?xml version="1.0" encoding="UTF-8"?>
<testng-results skipped="0" failed="2" total="4" passed="2">
  <reporter-output>
    <line>
      <![CDATA[Entering homepage now]]>
    </line>
    <line>
      <![CDATA[making the assertion now]]>
    </line>
    <line>
      <![CDATA[Screenshot of page: <b>Home :: abraxas.ch</b> at http://www.abraxas.ch/]]>
    </line>
    <line>
      <![CDATA[<br> <img src=/home/gridfusion/SeleniumTraining/screenshots/screenshot6139309109026562766.png width="320" height="240" /> <br>]]>
    </line>
    <line>
      <![CDATA[Screenshot of page: <b>Günstig kaufen & verkaufen bei eBay.ch - dem Schweizer Online-Marktplatz</b> at http://www.ebay.ch/]]>
    </line>
    <line>
      <![CDATA[<br> <img src=/home/gridfusion/SeleniumTraining/screenshots/screenshot2149869453216043422.png width="320" height="240" /> <br>]]>
    </line>
  </reporter-output>
  <suite name="Abraxas Test Suite" duration-ms="14397" started-at="2013-07-10T10:53:52Z" finished-at="2013-07-10T10:54:06Z">
    <groups>
    </groups>
    <test name="Regression1" duration-ms="14397" started-at="2013-07-10T10:53:52Z" finished-at="2013-07-10T10:54:06Z">
      <class name="seleniumTests.RemoteSetupAbraxas">
        <test-method status="PASS" signature="testAbraxas2()[pri:0, instance:seleniumTests.RemoteSetupAbraxas@90affe]" name="testAbraxas2" duration-ms="4476" started-at="2013-07-10T03:53:52Z" finished-at="2013-07-10T03:53:56Z">
          <reporter-output>
            <line>
              <![CDATA[Entering homepage now]]>
            </line>
            <line>
              <![CDATA[making the assertion now]]>
            </line>
            <line>
              <![CDATA[Screenshot of page: <b>Home :: abraxas.ch</b> at http://www.abraxas.ch/]]>
            </line>
            <line>
              <![CDATA[<br> <img src=/home/gridfusion/SeleniumTraining/screenshots/screenshot6139309109026562766.png width="320" height="240" /> <br>]]>
            </line>
          </reporter-output>
        </test-method> <!-- testAbraxas2 -->
        <test-method status="FAIL" signature="testAbraxas3()[pri:0, instance:seleniumTests.RemoteSetupAbraxas@90affe]" name="testAbraxas3" duration-ms="8496" started-at="2013-07-10T03:53:52Z" finished-at="2013-07-10T03:54:00Z">
          <exception class="java.lang.AssertionError">
            <message>
              <![CDATA[expected [Günstig kaufen & verkaufen bei eBay.ch - dem Schweizer Online-Marktplatz] but found [Home :: abraxas.ch]]]>
            </message>
            <full-stacktrace>
              <![CDATA[java.lang.AssertionError: expected [Günstig kaufen & verkaufen bei eBay.ch - dem Schweizer Online-Marktplatz] but found [Home :: abraxas.ch]
	at org.testng.Assert.fail(Assert.java:94)
	at org.testng.Assert.failNotEquals(Assert.java:494)
	at org.testng.Assert.assertEquals(Assert.java:123)
	at org.testng.Assert.assertEquals(Assert.java:176)
	at org.testng.Assert.assertEquals(Assert.java:186)
	at seleniumTests.RemoteSetupAbraxas.testAbraxas3(RemoteSetupAbraxas.java:108)
	at sun.reflect.NativeMethodAccessorImpl.invoke0(Native Method)
	at sun.reflect.NativeMethodAccessorImpl.invoke(NativeMethodAccessorImpl.java:57)
	at sun.reflect.DelegatingMethodAccessorImpl.invoke(DelegatingMethodAccessorImpl.java:43)
	at java.lang.reflect.Method.invoke(Method.java:601)
	at org.testng.internal.MethodInvocationHelper.invokeMethod(MethodInvocationHelper.java:80)
	at org.testng.internal.Invoker.invokeMethod(Invoker.java:714)
	at org.testng.internal.Invoker.invokeTestMethod(Invoker.java:901)
	at org.testng.internal.Invoker.invokeTestMethods(Invoker.java:1231)
	at org.testng.internal.TestMethodWorker.invokeTestMethods(TestMethodWorker.java:127)
	at org.testng.internal.TestMethodWorker.run(TestMethodWorker.java:111)
	at java.util.concurrent.ThreadPoolExecutor.runWorker(ThreadPoolExecutor.java:1145)
	at java.util.concurrent.ThreadPoolExecutor$Worker.run(ThreadPoolExecutor.java:615)
	at java.lang.Thread.run(Thread.java:722)
]]>
            </full-stacktrace>
          </exception> <!-- java.lang.AssertionError -->
          <reporter-output>
          </reporter-output>
        </test-method> <!-- testAbraxas3 -->
        <test-method status="PASS" signature="testAbraxas1()[pri:0, instance:seleniumTests.RemoteSetupAbraxas@90affe]" name="testAbraxas1" duration-ms="14374" started-at="2013-07-10T03:53:52Z" finished-at="2013-07-10T03:54:06Z">
          <reporter-output>
            <line>
              <![CDATA[Screenshot of page: <b>Günstig kaufen & verkaufen bei eBay.ch - dem Schweizer Online-Marktplatz</b> at http://www.ebay.ch/]]>
            </line>
            <line>
              <![CDATA[<br> <img src=/home/gridfusion/SeleniumTraining/screenshots/screenshot2149869453216043422.png width="320" height="240" /> <br>]]>
            </line>
          </reporter-output>
        </test-method> <!-- testAbraxas1 -->
        <test-method status="FAIL" signature="testAbraxas4()[pri:0, instance:seleniumTests.RemoteSetupAbraxas@90affe]" name="testAbraxas4" duration-ms="11058" started-at="2013-07-10T03:53:52Z" finished-at="2013-07-10T03:54:03Z">
          <exception class="java.lang.AssertionError">
            <message>
              <![CDATA[expected [Günstig kaufen & verkaufen bei eBay.ch - dem Schweizer Online-Marktplatz] but found [Home :: abraxas.ch]]]>
            </message>
            <full-stacktrace>
              <![CDATA[java.lang.AssertionError: expected [Günstig kaufen & verkaufen bei eBay.ch - dem Schweizer Online-Marktplatz] but found [Home :: abraxas.ch]
	at org.testng.Assert.fail(Assert.java:94)
	at org.testng.Assert.failNotEquals(Assert.java:494)
	at org.testng.Assert.assertEquals(Assert.java:123)
	at org.testng.Assert.assertEquals(Assert.java:176)
	at org.testng.Assert.assertEquals(Assert.java:186)
	at seleniumTests.RemoteSetupAbraxas.testAbraxas4(RemoteSetupAbraxas.java:134)
	at sun.reflect.NativeMethodAccessorImpl.invoke0(Native Method)
	at sun.reflect.NativeMethodAccessorImpl.invoke(NativeMethodAccessorImpl.java:57)
	at sun.reflect.DelegatingMethodAccessorImpl.invoke(DelegatingMethodAccessorImpl.java:43)
	at java.lang.reflect.Method.invoke(Method.java:601)
	at org.testng.internal.MethodInvocationHelper.invokeMethod(MethodInvocationHelper.java:80)
	at org.testng.internal.Invoker.invokeMethod(Invoker.java:714)
	at org.testng.internal.Invoker.invokeTestMethod(Invoker.java:901)
	at org.testng.internal.Invoker.invokeTestMethods(Invoker.java:1231)
	at org.testng.internal.TestMethodWorker.invokeTestMethods(TestMethodWorker.java:127)
	at org.testng.internal.TestMethodWorker.run(TestMethodWorker.java:111)
	at java.util.concurrent.ThreadPoolExecutor.runWorker(ThreadPoolExecutor.java:1145)
	at java.util.concurrent.ThreadPoolExecutor$Worker.run(ThreadPoolExecutor.java:615)
	at java.lang.Thread.run(Thread.java:722)
]]>
            </full-stacktrace>
          </exception> <!-- java.lang.AssertionError -->
          <reporter-output>
          </reporter-output>
        </test-method> <!-- testAbraxas4 -->
      </class> <!-- seleniumTests.RemoteSetupAbraxas -->
    </test> <!-- Regression1 -->
  </suite> <!-- Abraxas Test Suite -->
</testng-results>
