<?xml version="1.0" encoding="UTF-8"?>
<!-- Generated by org.testng.reporters.JUnitXMLReporter -->
<testsuite hostname="ubuntu" name="Default test" tests="12" failures="0" timestamp="25 Jun 2013 23:34:02 GMT" time="0.141" errors="0">
  <testcase name="mySecondTestngTest" time="0.061" classname="testng.TestngBasicTests"/>
  <testcase name="myFirstTestngTest" time="0.053" classname="testng.TestngBasicTests"/>
  <testcase name="myFirstTestngTest" time="0.059" classname="testng.TestngBasicTests"/>
  <testcase name="myFirstTestngTest" time="0.064" classname="testng.TestngBasicTests"/>
  <testcase name="myFirstTestngTest" time="0.053" classname="testng.TestngBasicTests"/>
  <testcase name="myFirstTestngTest" time="0.054" classname="testng.TestngBasicTests"/>
  <testcase name="myFirstTestngTest" time="0.054" classname="testng.TestngBasicTests"/>
  <testcase name="myFirstTestngTest" time="0.053" classname="testng.TestngBasicTests"/>
  <testcase name="myFirstTestngTest" time="0.053" classname="testng.TestngBasicTests"/>
  <testcase name="myFirstTestngTest" time="0.054" classname="testng.TestngBasicTests"/>
  <testcase name="myFirstTestngTest" time="0.052" classname="testng.TestngBasicTests"/>
  <testcase name="myThirdTestngTest" time="0.068" classname="testng.TestngBasicTests"/>
</testsuite> <!-- Default test -->
